The system is: Linux - 5.15.90.1-microsoft-standard-WSL2 - x86_64
Compiling the C compiler identification source file "CMakeCCompilerId.c" succeeded.
Compiler: /opt/intel/oneapi/compiler/2023.1.0/linux/bin/icx 
Build flags: 
Id flags:  

The output was:
0


Compilation of the C compiler identification source "CMakeCCompilerId.c" produced "a.out"

The C compiler identification is Clang, found in "/mnt/e/mycode/c_study/ch2/cmake-build-debug/CMakeFiles/3.16.3/CompilerIdC/a.out"

Determining if the C compiler works passed with the following output:
Change Dir: /mnt/e/mycode/c_study/ch2/cmake-build-debug/CMakeFiles/CMakeTmp

Run Build Command(s):/usr/bin/make cmTC_8943e/fast && /usr/bin/make -f CMakeFiles/cmTC_8943e.dir/build.make CMakeFiles/cmTC_8943e.dir/build
make[1]: Entering directory '/mnt/e/mycode/c_study/ch2/cmake-build-debug/CMakeFiles/CMakeTmp'
Building C object CMakeFiles/cmTC_8943e.dir/testCCompiler.c.o
/opt/intel/oneapi/compiler/2023.1.0/linux/bin/icx    -o CMakeFiles/cmTC_8943e.dir/testCCompiler.c.o   -c /mnt/e/mycode/c_study/ch2/cmake-build-debug/CMakeFiles/CMakeTmp/testCCompiler.c
Linking C executable cmTC_8943e
/usr/bin/cmake -E cmake_link_script CMakeFiles/cmTC_8943e.dir/link.txt --verbose=1
/opt/intel/oneapi/compiler/2023.1.0/linux/bin/icx      CMakeFiles/cmTC_8943e.dir/testCCompiler.c.o  -o cmTC_8943e 
make[1]: Leaving directory '/mnt/e/mycode/c_study/ch2/cmake-build-debug/CMakeFiles/CMakeTmp'



Detecting C compiler ABI info compiled with the following output:
Change Dir: /mnt/e/mycode/c_study/ch2/cmake-build-debug/CMakeFiles/CMakeTmp

Run Build Command(s):/usr/bin/make cmTC_1be9b/fast && /usr/bin/make -f CMakeFiles/cmTC_1be9b.dir/build.make CMakeFiles/cmTC_1be9b.dir/build
make[1]: Entering directory '/mnt/e/mycode/c_study/ch2/cmake-build-debug/CMakeFiles/CMakeTmp'
Building C object CMakeFiles/cmTC_1be9b.dir/CMakeCCompilerABI.c.o
/opt/intel/oneapi/compiler/2023.1.0/linux/bin/icx   -v -o CMakeFiles/cmTC_1be9b.dir/CMakeCCompilerABI.c.o   -c /usr/share/cmake-3.16/Modules/CMakeCCompilerABI.c
Intel(R) oneAPI DPC++/C++ Compiler 2023.1.0 (2023.1.0.20230320)
Target: x86_64-unknown-linux-gnu
Thread model: posix
InstalledDir: /opt/intel/oneapi/compiler/2023.1.0/linux/bin-llvm
Configuration file: /opt/intel/oneapi/compiler/2023.1.0/linux/bin-llvm/../bin/icx.cfg
Found candidate GCC installation: /usr/lib/gcc/x86_64-linux-gnu/9
Selected GCC installation: /usr/lib/gcc/x86_64-linux-gnu/9
Candidate multilib: .;@m64
Selected multilib: .;@m64
Found CUDA installation: /usr/local/cuda, version 11.7
 (in-process)
 "/opt/intel/oneapi/compiler/2023.1.0/linux/bin-llvm/clang" -cc1 -triple x86_64-unknown-linux-gnu -emit-obj --mrelax-relocations -disable-free -clear-ast-before-backend -disable-llvm-verifier -discard-value-names -main-file-name CMakeCCompilerABI.c -mrelocation-model static -fveclib=SVML -mframe-pointer=none -menable-no-infs -menable-no-nans -fapprox-func -funsafe-math-optimizations -fno-signed-zeros -mreassociate -freciprocal-math -fdenormal-fp-math=preserve-sign,preserve-sign -ffp-contract=fast -fno-rounding-math -ffast-math -ffinite-math-only -mconstructor-aliases -funwind-tables=2 -target-cpu x86-64 -mllvm -x86-enable-unaligned-vector-move=true -tune-cpu generic -mllvm -treat-scalable-fixed-error-as-warning -debugger-tuning=gdb -v -fcoverage-compilation-dir=/mnt/e/mycode/c_study/ch2/cmake-build-debug/CMakeFiles/CMakeTmp -resource-dir /opt/intel/oneapi/compiler/2023.1.0/linux/lib/clang/16 -internal-isystem /opt/intel/oneapi/compiler/2023.1.0/linux/bin-llvm/../compiler/include -internal-isystem /opt/intel/oneapi/compiler/2023.1.0/linux/lib/clang/16/include -internal-isystem /usr/local/include -internal-isystem /usr/lib/gcc/x86_64-linux-gnu/9/../../../../x86_64-linux-gnu/include -internal-externc-isystem /usr/include/x86_64-linux-gnu -internal-externc-isystem /include -internal-externc-isystem /usr/include -O2 -fdebug-compilation-dir=/mnt/e/mycode/c_study/ch2/cmake-build-debug/CMakeFiles/CMakeTmp -ferror-limit 19 -fheinous-gnu-extensions -fgnuc-version=4.2.1 -no-opaque-pointers -vectorize-loops -vectorize-slp -D__GCC_HAVE_DWARF2_CFI_ASM=1 -fintel-compatibility -fintel-libirc-allowed -mllvm -disable-hir-generate-mkl-call -mllvm -loopopt=1 -floopopt-pipeline=light -mllvm -intel-abi-compatible=true -o CMakeFiles/cmTC_1be9b.dir/CMakeCCompilerABI.c.o -x c /usr/share/cmake-3.16/Modules/CMakeCCompilerABI.c
clang -cc1 version 16.0.0 based upon LLVM 16.0.0git default target x86_64-unknown-linux-gnu
ignoring nonexistent directory "/usr/lib/gcc/x86_64-linux-gnu/9/../../../../x86_64-linux-gnu/include"
ignoring nonexistent directory "/include"
#include "..." search starts here:
#include <...> search starts here:
 /opt/intel/oneapi/compiler/2023.1.0/linux/bin-llvm/../compiler/include
 /opt/intel/oneapi/compiler/2023.1.0/linux/lib/clang/16/include
 /usr/local/include
 /usr/include/x86_64-linux-gnu
 /usr/include
End of search list.
Linking C executable cmTC_1be9b
/usr/bin/cmake -E cmake_link_script CMakeFiles/cmTC_1be9b.dir/link.txt --verbose=1
/opt/intel/oneapi/compiler/2023.1.0/linux/bin/icx     -v CMakeFiles/cmTC_1be9b.dir/CMakeCCompilerABI.c.o  -o cmTC_1be9b 
Intel(R) oneAPI DPC++/C++ Compiler 2023.1.0 (2023.1.0.20230320)
Target: x86_64-unknown-linux-gnu
Thread model: posix
InstalledDir: /opt/intel/oneapi/compiler/2023.1.0/linux/bin-llvm
Configuration file: /opt/intel/oneapi/compiler/2023.1.0/linux/bin-llvm/../bin/icx.cfg
Found candidate GCC installation: /usr/lib/gcc/x86_64-linux-gnu/9
Selected GCC installation: /usr/lib/gcc/x86_64-linux-gnu/9
Candidate multilib: .;@m64
Selected multilib: .;@m64
Found CUDA installation: /usr/local/cuda, version 11.7
 "/usr/bin/ld" -z relro --hash-style=gnu --eh-frame-hdr -m elf_x86_64 -dynamic-linker /lib64/ld-linux-x86-64.so.2 -o cmTC_1be9b /lib/x86_64-linux-gnu/Scrt1.o /lib/x86_64-linux-gnu/crti.o /usr/lib/gcc/x86_64-linux-gnu/9/crtbeginS.o -L/opt/intel/oneapi/compiler/2023.1.0/linux/bin-llvm/../compiler/lib/intel64_lin -L/opt/intel/oneapi/compiler/2023.1.0/linux/bin-llvm/../lib -L/opt/intel/oneapi/compiler/2023.1.0/linux/bin-llvm/../compiler/lib/intel64_lin -L/usr/lib/gcc/x86_64-linux-gnu/9 -L/usr/lib/gcc/x86_64-linux-gnu/9/../../../../lib64 -L/lib/x86_64-linux-gnu -L/lib/../lib64 -L/usr/lib/x86_64-linux-gnu -L/usr/lib/../lib64 -L/usr/lib/gcc/x86_64-linux-gnu/9/../../.. -L/opt/intel/oneapi/compiler/2023.1.0/linux/bin-llvm/../lib -L/lib -L/usr/lib CMakeFiles/cmTC_1be9b.dir/CMakeCCompilerABI.c.o -Bstatic -lsvml -Bdynamic -Bstatic -lirng -Bdynamic -Bstatic -limf -Bdynamic -lm -lgcc --as-needed -lgcc_s --no-as-needed -Bstatic -lirc -Bdynamic -ldl -lgcc --as-needed -lgcc_s --no-as-needed -lc -lgcc --as-needed -lgcc_s --no-as-needed -Bstatic -lirc_s -Bdynamic /usr/lib/gcc/x86_64-linux-gnu/9/crtendS.o /lib/x86_64-linux-gnu/crtn.o
make[1]: Leaving directory '/mnt/e/mycode/c_study/ch2/cmake-build-debug/CMakeFiles/CMakeTmp'



Parsed C implicit include dir info from above output: rv=done
  found start of include info
  found start of implicit include info
    add: [/opt/intel/oneapi/compiler/2023.1.0/linux/bin-llvm/../compiler/include]
    add: [/opt/intel/oneapi/compiler/2023.1.0/linux/lib/clang/16/include]
    add: [/usr/local/include]
    add: [/usr/include/x86_64-linux-gnu]
    add: [/usr/include]
  end of search list found
  collapse include dir [/opt/intel/oneapi/compiler/2023.1.0/linux/bin-llvm/../compiler/include] ==> [/opt/intel/oneapi/compiler/2023.1.0/linux/compiler/include]
  collapse include dir [/opt/intel/oneapi/compiler/2023.1.0/linux/lib/clang/16/include] ==> [/opt/intel/oneapi/compiler/2023.1.0/linux/lib/clang/16/include]
  collapse include dir [/usr/local/include] ==> [/usr/local/include]
  collapse include dir [/usr/include/x86_64-linux-gnu] ==> [/usr/include/x86_64-linux-gnu]
  collapse include dir [/usr/include] ==> [/usr/include]
  implicit include dirs: [/opt/intel/oneapi/compiler/2023.1.0/linux/compiler/include;/opt/intel/oneapi/compiler/2023.1.0/linux/lib/clang/16/include;/usr/local/include;/usr/include/x86_64-linux-gnu;/usr/include]


Parsed C implicit link information from above output:
  link line regex: [^( *|.*[/\])(ld|CMAKE_LINK_STARTFILE-NOTFOUND|([^/\]+-)?ld|collect2)[^/\]*( |$)]
  ignore line: [Change Dir: /mnt/e/mycode/c_study/ch2/cmake-build-debug/CMakeFiles/CMakeTmp]
  ignore line: []
  ignore line: [Run Build Command(s):/usr/bin/make cmTC_1be9b/fast && /usr/bin/make -f CMakeFiles/cmTC_1be9b.dir/build.make CMakeFiles/cmTC_1be9b.dir/build]
  ignore line: [make[1]: Entering directory '/mnt/e/mycode/c_study/ch2/cmake-build-debug/CMakeFiles/CMakeTmp']
  ignore line: [Building C object CMakeFiles/cmTC_1be9b.dir/CMakeCCompilerABI.c.o]
  ignore line: [/opt/intel/oneapi/compiler/2023.1.0/linux/bin/icx   -v -o CMakeFiles/cmTC_1be9b.dir/CMakeCCompilerABI.c.o   -c /usr/share/cmake-3.16/Modules/CMakeCCompilerABI.c]
  ignore line: [Intel(R) oneAPI DPC++/C++ Compiler 2023.1.0 (2023.1.0.20230320)]
  ignore line: [Target: x86_64-unknown-linux-gnu]
  ignore line: [Thread model: posix]
  ignore line: [InstalledDir: /opt/intel/oneapi/compiler/2023.1.0/linux/bin-llvm]
  ignore line: [Configuration file: /opt/intel/oneapi/compiler/2023.1.0/linux/bin-llvm/../bin/icx.cfg]
  ignore line: [Found candidate GCC installation: /usr/lib/gcc/x86_64-linux-gnu/9]
  ignore line: [Selected GCC installation: /usr/lib/gcc/x86_64-linux-gnu/9]
  ignore line: [Candidate multilib: .]
  ignore line: [@m64]
  ignore line: [Selected multilib: .]
  ignore line: [@m64]
  ignore line: [Found CUDA installation: /usr/local/cuda  version 11.7]
  ignore line: [ (in-process)]
  ignore line: [ "/opt/intel/oneapi/compiler/2023.1.0/linux/bin-llvm/clang" -cc1 -triple x86_64-unknown-linux-gnu -emit-obj --mrelax-relocations -disable-free -clear-ast-before-backend -disable-llvm-verifier -discard-value-names -main-file-name CMakeCCompilerABI.c -mrelocation-model static -fveclib=SVML -mframe-pointer=none -menable-no-infs -menable-no-nans -fapprox-func -funsafe-math-optimizations -fno-signed-zeros -mreassociate -freciprocal-math -fdenormal-fp-math=preserve-sign preserve-sign -ffp-contract=fast -fno-rounding-math -ffast-math -ffinite-math-only -mconstructor-aliases -funwind-tables=2 -target-cpu x86-64 -mllvm -x86-enable-unaligned-vector-move=true -tune-cpu generic -mllvm -treat-scalable-fixed-error-as-warning -debugger-tuning=gdb -v -fcoverage-compilation-dir=/mnt/e/mycode/c_study/ch2/cmake-build-debug/CMakeFiles/CMakeTmp -resource-dir /opt/intel/oneapi/compiler/2023.1.0/linux/lib/clang/16 -internal-isystem /opt/intel/oneapi/compiler/2023.1.0/linux/bin-llvm/../compiler/include -internal-isystem /opt/intel/oneapi/compiler/2023.1.0/linux/lib/clang/16/include -internal-isystem /usr/local/include -internal-isystem /usr/lib/gcc/x86_64-linux-gnu/9/../../../../x86_64-linux-gnu/include -internal-externc-isystem /usr/include/x86_64-linux-gnu -internal-externc-isystem /include -internal-externc-isystem /usr/include -O2 -fdebug-compilation-dir=/mnt/e/mycode/c_study/ch2/cmake-build-debug/CMakeFiles/CMakeTmp -ferror-limit 19 -fheinous-gnu-extensions -fgnuc-version=4.2.1 -no-opaque-pointers -vectorize-loops -vectorize-slp -D__GCC_HAVE_DWARF2_CFI_ASM=1 -fintel-compatibility -fintel-libirc-allowed -mllvm -disable-hir-generate-mkl-call -mllvm -loopopt=1 -floopopt-pipeline=light -mllvm -intel-abi-compatible=true -o CMakeFiles/cmTC_1be9b.dir/CMakeCCompilerABI.c.o -x c /usr/share/cmake-3.16/Modules/CMakeCCompilerABI.c]
  ignore line: [clang -cc1 version 16.0.0 based upon LLVM 16.0.0git default target x86_64-unknown-linux-gnu]
  ignore line: [ignoring nonexistent directory "/usr/lib/gcc/x86_64-linux-gnu/9/../../../../x86_64-linux-gnu/include"]
  ignore line: [ignoring nonexistent directory "/include"]
  ignore line: [#include "..." search starts here:]
  ignore line: [#include <...> search starts here:]
  ignore line: [ /opt/intel/oneapi/compiler/2023.1.0/linux/bin-llvm/../compiler/include]
  ignore line: [ /opt/intel/oneapi/compiler/2023.1.0/linux/lib/clang/16/include]
  ignore line: [ /usr/local/include]
  ignore line: [ /usr/include/x86_64-linux-gnu]
  ignore line: [ /usr/include]
  ignore line: [End of search list.]
  ignore line: [Linking C executable cmTC_1be9b]
  ignore line: [/usr/bin/cmake -E cmake_link_script CMakeFiles/cmTC_1be9b.dir/link.txt --verbose=1]
  ignore line: [/opt/intel/oneapi/compiler/2023.1.0/linux/bin/icx     -v CMakeFiles/cmTC_1be9b.dir/CMakeCCompilerABI.c.o  -o cmTC_1be9b ]
  ignore line: [Intel(R) oneAPI DPC++/C++ Compiler 2023.1.0 (2023.1.0.20230320)]
  ignore line: [Target: x86_64-unknown-linux-gnu]
  ignore line: [Thread model: posix]
  ignore line: [InstalledDir: /opt/intel/oneapi/compiler/2023.1.0/linux/bin-llvm]
  ignore line: [Configuration file: /opt/intel/oneapi/compiler/2023.1.0/linux/bin-llvm/../bin/icx.cfg]
  ignore line: [Found candidate GCC installation: /usr/lib/gcc/x86_64-linux-gnu/9]
  ignore line: [Selected GCC installation: /usr/lib/gcc/x86_64-linux-gnu/9]
  ignore line: [Candidate multilib: .]
  ignore line: [@m64]
  ignore line: [Selected multilib: .]
  ignore line: [@m64]
  ignore line: [Found CUDA installation: /usr/local/cuda  version 11.7]
  link line: [ "/usr/bin/ld" -z relro --hash-style=gnu --eh-frame-hdr -m elf_x86_64 -dynamic-linker /lib64/ld-linux-x86-64.so.2 -o cmTC_1be9b /lib/x86_64-linux-gnu/Scrt1.o /lib/x86_64-linux-gnu/crti.o /usr/lib/gcc/x86_64-linux-gnu/9/crtbeginS.o -L/opt/intel/oneapi/compiler/2023.1.0/linux/bin-llvm/../compiler/lib/intel64_lin -L/opt/intel/oneapi/compiler/2023.1.0/linux/bin-llvm/../lib -L/opt/intel/oneapi/compiler/2023.1.0/linux/bin-llvm/../compiler/lib/intel64_lin -L/usr/lib/gcc/x86_64-linux-gnu/9 -L/usr/lib/gcc/x86_64-linux-gnu/9/../../../../lib64 -L/lib/x86_64-linux-gnu -L/lib/../lib64 -L/usr/lib/x86_64-linux-gnu -L/usr/lib/../lib64 -L/usr/lib/gcc/x86_64-linux-gnu/9/../../.. -L/opt/intel/oneapi/compiler/2023.1.0/linux/bin-llvm/../lib -L/lib -L/usr/lib CMakeFiles/cmTC_1be9b.dir/CMakeCCompilerABI.c.o -Bstatic -lsvml -Bdynamic -Bstatic -lirng -Bdynamic -Bstatic -limf -Bdynamic -lm -lgcc --as-needed -lgcc_s --no-as-needed -Bstatic -lirc -Bdynamic -ldl -lgcc --as-needed -lgcc_s --no-as-needed -lc -lgcc --as-needed -lgcc_s --no-as-needed -Bstatic -lirc_s -Bdynamic /usr/lib/gcc/x86_64-linux-gnu/9/crtendS.o /lib/x86_64-linux-gnu/crtn.o]
    arg [/usr/bin/ld] ==> ignore
    arg [-zrelro] ==> ignore
    arg [--hash-style=gnu] ==> ignore
    arg [--eh-frame-hdr] ==> ignore
    arg [-m] ==> ignore
    arg [elf_x86_64] ==> ignore
    arg [-dynamic-linker] ==> ignore
    arg [/lib64/ld-linux-x86-64.so.2] ==> ignore
    arg [-o] ==> ignore
    arg [cmTC_1be9b] ==> ignore
    arg [/lib/x86_64-linux-gnu/Scrt1.o] ==> ignore
    arg [/lib/x86_64-linux-gnu/crti.o] ==> ignore
    arg [/usr/lib/gcc/x86_64-linux-gnu/9/crtbeginS.o] ==> ignore
    arg [-L/opt/intel/oneapi/compiler/2023.1.0/linux/bin-llvm/../compiler/lib/intel64_lin] ==> dir [/opt/intel/oneapi/compiler/2023.1.0/linux/bin-llvm/../compiler/lib/intel64_lin]
    arg [-L/opt/intel/oneapi/compiler/2023.1.0/linux/bin-llvm/../lib] ==> dir [/opt/intel/oneapi/compiler/2023.1.0/linux/bin-llvm/../lib]
    arg [-L/opt/intel/oneapi/compiler/2023.1.0/linux/bin-llvm/../compiler/lib/intel64_lin] ==> dir [/opt/intel/oneapi/compiler/2023.1.0/linux/bin-llvm/../compiler/lib/intel64_lin]
    arg [-L/usr/lib/gcc/x86_64-linux-gnu/9] ==> dir [/usr/lib/gcc/x86_64-linux-gnu/9]
    arg [-L/usr/lib/gcc/x86_64-linux-gnu/9/../../../../lib64] ==> dir [/usr/lib/gcc/x86_64-linux-gnu/9/../../../../lib64]
    arg [-L/lib/x86_64-linux-gnu] ==> dir [/lib/x86_64-linux-gnu]
    arg [-L/lib/../lib64] ==> dir [/lib/../lib64]
    arg [-L/usr/lib/x86_64-linux-gnu] ==> dir [/usr/lib/x86_64-linux-gnu]
    arg [-L/usr/lib/../lib64] ==> dir [/usr/lib/../lib64]
    arg [-L/usr/lib/gcc/x86_64-linux-gnu/9/../../..] ==> dir [/usr/lib/gcc/x86_64-linux-gnu/9/../../..]
    arg [-L/opt/intel/oneapi/compiler/2023.1.0/linux/bin-llvm/../lib] ==> dir [/opt/intel/oneapi/compiler/2023.1.0/linux/bin-llvm/../lib]
    arg [-L/lib] ==> dir [/lib]
    arg [-L/usr/lib] ==> dir [/usr/lib]
    arg [CMakeFiles/cmTC_1be9b.dir/CMakeCCompilerABI.c.o] ==> ignore
    arg [-Bstatic] ==> ignore
    arg [-lsvml] ==> lib [svml]
    arg [-Bdynamic] ==> ignore
    arg [-Bstatic] ==> ignore
    arg [-lirng] ==> lib [irng]
    arg [-Bdynamic] ==> ignore
    arg [-Bstatic] ==> ignore
    arg [-limf] ==> lib [imf]
    arg [-Bdynamic] ==> ignore
    arg [-lm] ==> lib [m]
    arg [-lgcc] ==> lib [gcc]
    arg [--as-needed] ==> ignore
    arg [-lgcc_s] ==> lib [gcc_s]
    arg [--no-as-needed] ==> ignore
    arg [-Bstatic] ==> ignore
    arg [-lirc] ==> lib [irc]
    arg [-Bdynamic] ==> ignore
    arg [-ldl] ==> lib [dl]
    arg [-lgcc] ==> lib [gcc]
    arg [--as-needed] ==> ignore
    arg [-lgcc_s] ==> lib [gcc_s]
    arg [--no-as-needed] ==> ignore
    arg [-lc] ==> lib [c]
    arg [-lgcc] ==> lib [gcc]
    arg [--as-needed] ==> ignore
    arg [-lgcc_s] ==> lib [gcc_s]
    arg [--no-as-needed] ==> ignore
    arg [-Bstatic] ==> ignore
    arg [-lirc_s] ==> lib [irc_s]
    arg [-Bdynamic] ==> ignore
    arg [/usr/lib/gcc/x86_64-linux-gnu/9/crtendS.o] ==> ignore
    arg [/lib/x86_64-linux-gnu/crtn.o] ==> ignore
  collapse library dir [/opt/intel/oneapi/compiler/2023.1.0/linux/bin-llvm/../compiler/lib/intel64_lin] ==> [/opt/intel/oneapi/compiler/2023.1.0/linux/compiler/lib/intel64_lin]
  collapse library dir [/opt/intel/oneapi/compiler/2023.1.0/linux/bin-llvm/../lib] ==> [/opt/intel/oneapi/compiler/2023.1.0/linux/lib]
  collapse library dir [/opt/intel/oneapi/compiler/2023.1.0/linux/bin-llvm/../compiler/lib/intel64_lin] ==> [/opt/intel/oneapi/compiler/2023.1.0/linux/compiler/lib/intel64_lin]
  collapse library dir [/usr/lib/gcc/x86_64-linux-gnu/9] ==> [/usr/lib/gcc/x86_64-linux-gnu/9]
  collapse library dir [/usr/lib/gcc/x86_64-linux-gnu/9/../../../../lib64] ==> [/usr/lib64]
  collapse library dir [/lib/x86_64-linux-gnu] ==> [/lib/x86_64-linux-gnu]
  collapse library dir [/lib/../lib64] ==> [/lib64]
  collapse library dir [/usr/lib/x86_64-linux-gnu] ==> [/usr/lib/x86_64-linux-gnu]
  collapse library dir [/usr/lib/../lib64] ==> [/usr/lib64]
  collapse library dir [/usr/lib/gcc/x86_64-linux-gnu/9/../../..] ==> [/usr/lib]
  collapse library dir [/opt/intel/oneapi/compiler/2023.1.0/linux/bin-llvm/../lib] ==> [/opt/intel/oneapi/compiler/2023.1.0/linux/lib]
  collapse library dir [/lib] ==> [/lib]
  collapse library dir [/usr/lib] ==> [/usr/lib]
  implicit libs: [svml;irng;imf;m;gcc;gcc_s;irc;dl;gcc;gcc_s;c;gcc;gcc_s;irc_s]
  implicit dirs: [/opt/intel/oneapi/compiler/2023.1.0/linux/compiler/lib/intel64_lin;/opt/intel/oneapi/compiler/2023.1.0/linux/lib;/usr/lib/gcc/x86_64-linux-gnu/9;/usr/lib64;/lib/x86_64-linux-gnu;/lib64;/usr/lib/x86_64-linux-gnu;/usr/lib;/lib]
  implicit fwks: []


